2020-10-23 14:35:51.076  INFO 4744 --- [main] c.g.z.ZfRecruitmentTaskApplication       : Starting ZfRecruitmentTaskApplication on Lenovo-PC with PID 4744 (C:\Users\Mateusz\Desktop\zf-recruitment\api\target\classes started by Mateusz in C:\Users\Mateusz\Desktop\zf-recruitment\api)
2020-10-23 14:35:51.112  INFO 4744 --- [main] c.g.z.ZfRecruitmentTaskApplication       : No active profile set, falling back to default profiles: default
2020-10-23 14:35:57.649  INFO 4744 --- [main] .s.d.r.c.RepositoryConfigurationDelegate : Bootstrapping Spring Data JPA repositories in DEFERRED mode.
2020-10-23 14:35:58.187  INFO 4744 --- [main] .s.d.r.c.RepositoryConfigurationDelegate : Finished Spring Data repository scanning in 502ms. Found 2 JPA repository interfaces.
2020-10-23 14:36:00.540  INFO 4744 --- [main] o.s.b.w.embedded.tomcat.TomcatWebServer  : Tomcat initialized with port(s): 8082 (http)
2020-10-23 14:36:00.587  INFO 4744 --- [main] o.apache.catalina.core.StandardService   : Starting service [Tomcat]
2020-10-23 14:36:00.588  INFO 4744 --- [main] org.apache.catalina.core.StandardEngine  : Starting Servlet engine: [Apache Tomcat/9.0.38]
2020-10-23 14:36:01.143  INFO 4744 --- [main] o.a.c.c.C.[Tomcat].[localhost].[/]       : Initializing Spring embedded WebApplicationContext
2020-10-23 14:36:01.144  INFO 4744 --- [main] w.s.c.ServletWebServerApplicationContext : Root WebApplicationContext: initialization completed in 9805 ms
2020-10-23 14:36:01.655  INFO 4744 --- [main] o.s.s.concurrent.ThreadPoolTaskExecutor  : Initializing ExecutorService 'applicationTaskExecutor'
2020-10-23 14:36:02.207  INFO 4744 --- [task-1] o.hibernate.jpa.internal.util.LogHelper  : HHH000204: Processing PersistenceUnitInfo [name: default]
2020-10-23 14:36:02.406  INFO 4744 --- [task-1] org.hibernate.Version                    : HHH000412: Hibernate ORM core version 5.4.21.Final
2020-10-23 14:36:02.815  WARN 4744 --- [main] JpaBaseConfiguration$JpaWebConfiguration : spring.jpa.open-in-view is enabled by default. Therefore, database queries may be performed during view rendering. Explicitly configure spring.jpa.open-in-view to disable this warning
2020-10-23 14:36:02.981  INFO 4744 --- [task-1] o.hibernate.annotations.common.Version   : HCANN000001: Hibernate Commons Annotations {5.1.0.Final}
2020-10-23 14:36:03.255  INFO 4744 --- [main] pertySourcedRequestMappingHandlerMapping : Mapped URL path [/v2/api-docs] onto method [springfox.documentation.swagger2.web.Swagger2Controller#getDocumentation(String, HttpServletRequest)]
2020-10-23 14:36:03.302  INFO 4744 --- [task-1] com.zaxxer.hikari.HikariDataSource       : HikariPool-1 - Starting...
2020-10-23 14:36:04.493  INFO 4744 --- [task-1] com.zaxxer.hikari.HikariDataSource       : HikariPool-1 - Start completed.
2020-10-23 14:36:05.159  INFO 4744 --- [task-1] org.hibernate.dialect.Dialect            : HHH000400: Using dialect: org.hibernate.dialect.MySQL5InnoDBDialect
2020-10-23 14:36:05.705  INFO 4744 --- [main] o.s.b.w.embedded.tomcat.TomcatWebServer  : Tomcat started on port(s): 8082 (http) with context path ''
2020-10-23 14:36:05.707  INFO 4744 --- [main] d.s.w.p.DocumentationPluginsBootstrapper : Context refreshed
2020-10-23 14:36:05.750  INFO 4744 --- [main] d.s.w.p.DocumentationPluginsBootstrapper : Found 1 custom documentation plugin(s)
2020-10-23 14:36:05.854  INFO 4744 --- [main] s.d.s.w.s.ApiListingReferenceScanner     : Scanning for api listing references
2020-10-23 14:36:07.085  INFO 4744 --- [main] DeferredRepositoryInitializationListener : Triggering deferred initialization of Spring Data repositories…
2020-10-23 14:36:08.793  INFO 4744 --- [task-1] o.h.e.t.j.p.i.JtaPlatformInitiator       : HHH000490: Using JtaPlatform implementation: [org.hibernate.engine.transaction.jta.platform.internal.NoJtaPlatform]
2020-10-23 14:36:08.808  INFO 4744 --- [task-1] j.LocalContainerEntityManagerFactoryBean : Initialized JPA EntityManagerFactory for persistence unit 'default'
2020-10-23 14:36:10.046  INFO 4744 --- [main] DeferredRepositoryInitializationListener : Spring Data repositories initialized!
2020-10-23 14:36:10.067  INFO 4744 --- [main] c.g.z.ZfRecruitmentTaskApplication       : Started ZfRecruitmentTaskApplication in 20.617 seconds (JVM running for 23.397)
2020-10-23 14:37:50.029  INFO 4744 --- [http-nio-8082-exec-1] o.a.c.c.C.[Tomcat].[localhost].[/]       : Initializing Spring DispatcherServlet 'dispatcherServlet'
2020-10-23 14:37:50.030  INFO 4744 --- [http-nio-8082-exec-1] o.s.web.servlet.DispatcherServlet        : Initializing Servlet 'dispatcherServlet'
2020-10-23 14:37:50.045  INFO 4744 --- [http-nio-8082-exec-1] o.s.web.servlet.DispatcherServlet        : Completed initialization in 14 ms
